  Reading Qt configuration (E:\QT\main\5.12.6\msvc2017_64\bin\qmake.exe)
  Generate moc_predefs.h
  Uic'ing chattool.ui...
  Uic'ing config.ui...
  Uic'ing FingerGuessing.ui...
  Uic'ing LoginInterface.ui...
  Uic'ing logOnInterface.ui...
  Uic'ing ResetPassword.ui...
  Uic'ing warpoker.ui...
  Moc'ing UdpNetWork.h...
  Moc'ing chattool.h...
  Moc'ing config.h...
  Moc'ing warpoker.h...
  Moc'ing FingerGuessing.h...
  Moc'ing CardOperate.h...
  Moc'ing Card.h...
  Moc'ing LoginInterface.h...
  Moc'ing ResetPassword.h...
  Moc'ing logOnInterface.h...
  Moc'ing Player.h...
  Card.cpp
  chattool.cpp
  config.cpp
  FingerGuessing.cpp
  LoginInterface.cpp
  logOnInterface.cpp
  main.cpp
  Player.cpp
  ResetPassword.cpp
  warpoker.cpp
  moc_UdpNetWork.cpp
  moc_chattool.cpp
  moc_config.cpp
  moc_warpoker.cpp
  moc_FingerGuessing.cpp
  moc_CardOperate.cpp
  moc_Card.cpp
  moc_LoginInterface.cpp
  moc_ResetPassword.cpp
  moc_logOnInterface.cpp
  moc_Player.cpp
  WarPoker.vcxproj -> E:\QTproject\WarPoker\WarPoker\release\WarPoker.exe
