e:\qtproject\warpoker\warpoker\x64\release\player.obj
e:\qtproject\warpoker\warpoker\x64\release\resetpassword.obj
e:\qtproject\warpoker\warpoker\x64\release\main.obj
e:\qtproject\warpoker\warpoker\x64\release\config.obj
e:\qtproject\warpoker\warpoker\x64\release\fingerguessing.obj
e:\qtproject\warpoker\warpoker\x64\release\chattool.obj
e:\qtproject\warpoker\warpoker\x64\release\card.obj
e:\qtproject\warpoker\warpoker\x64\release\warpoker.obj
e:\qtproject\warpoker\warpoker\x64\release\logoninterface.obj
e:\qtproject\warpoker\warpoker\x64\release\logininterface.obj
e:\qtproject\warpoker\warpoker\x64\release\moc_chattool.obj
e:\qtproject\warpoker\warpoker\x64\release\moc_card.obj
e:\qtproject\warpoker\warpoker\x64\release\moc_resetpassword.obj
e:\qtproject\warpoker\warpoker\x64\release\moc_config.obj
e:\qtproject\warpoker\warpoker\x64\release\moc_cardoperate.obj
e:\qtproject\warpoker\warpoker\x64\release\moc_player.obj
e:\qtproject\warpoker\warpoker\x64\release\moc_warpoker.obj
e:\qtproject\warpoker\warpoker\x64\release\moc_fingerguessing.obj
e:\qtproject\warpoker\warpoker\x64\release\moc_logoninterface.obj
e:\qtproject\warpoker\warpoker\x64\release\moc_logininterface.obj
e:\qtproject\warpoker\warpoker\x64\release\moc_udpnetwork.obj
e:\qtproject\warpoker\warpoker\release\moc_predefs.h
e:\qtproject\warpoker\warpoker\release\warpoker.exe
e:\qtproject\warpoker\warpoker\release\moc_udpnetwork.cpp
e:\qtproject\warpoker\warpoker\release\moc_chattool.cpp
e:\qtproject\warpoker\warpoker\release\moc_config.cpp
e:\qtproject\warpoker\warpoker\release\moc_warpoker.cpp
e:\qtproject\warpoker\warpoker\release\moc_fingerguessing.cpp
e:\qtproject\warpoker\warpoker\release\moc_cardoperate.cpp
e:\qtproject\warpoker\warpoker\release\moc_card.cpp
e:\qtproject\warpoker\warpoker\release\moc_logininterface.cpp
e:\qtproject\warpoker\warpoker\release\moc_resetpassword.cpp
e:\qtproject\warpoker\warpoker\release\moc_logoninterface.cpp
e:\qtproject\warpoker\warpoker\release\moc_player.cpp
e:\qtproject\warpoker\warpoker\ui_chattool.h
e:\qtproject\warpoker\warpoker\ui_config.h
e:\qtproject\warpoker\warpoker\ui_fingerguessing.h
e:\qtproject\warpoker\warpoker\ui_logininterface.h
e:\qtproject\warpoker\warpoker\ui_logoninterface.h
e:\qtproject\warpoker\warpoker\ui_resetpassword.h
e:\qtproject\warpoker\warpoker\ui_warpoker.h
e:\qtproject\warpoker\warpoker\x64\release\warpoker.tlog\cl.1064.write.1.tlog
e:\qtproject\warpoker\warpoker\x64\release\warpoker.tlog\cl.command.1.tlog
e:\qtproject\warpoker\warpoker\x64\release\warpoker.tlog\cl.read.1.tlog
e:\qtproject\warpoker\warpoker\x64\release\warpoker.tlog\custombuild.command.1.tlog
e:\qtproject\warpoker\warpoker\x64\release\warpoker.tlog\custombuild.read.1.tlog
e:\qtproject\warpoker\warpoker\x64\release\warpoker.tlog\custombuild.write.1.tlog
e:\qtproject\warpoker\warpoker\x64\release\warpoker.tlog\link.command.1.tlog
e:\qtproject\warpoker\warpoker\x64\release\warpoker.tlog\link.read.1.tlog
e:\qtproject\warpoker\warpoker\x64\release\warpoker.tlog\link.write.1.tlog
e:\qtproject\warpoker\warpoker\x64\release\warpoker.tlog\moc.read.1u.tlog
e:\qtproject\warpoker\warpoker\x64\release\warpoker.tlog\moc.write.1u.tlog
e:\qtproject\warpoker\warpoker\x64\release\warpoker.tlog\uic.read.1u.tlog
e:\qtproject\warpoker\warpoker\x64\release\warpoker.tlog\uic.write.1u.tlog
e:\qtproject\warpoker\warpoker\x64\release\warpoker.tlog\warpoker.write.1u.tlog
