e:\qtproject\warpoker\warpoker\x64\debug\moc_warpoker.obj
e:\qtproject\warpoker\warpoker\x64\debug\moc_udpnetwork.obj
e:\qtproject\warpoker\warpoker\x64\debug\moc_config.obj
e:\qtproject\warpoker\warpoker\x64\debug\moc_fingerguessing.obj
e:\qtproject\warpoker\warpoker\x64\debug\moc_chattool.obj
e:\qtproject\warpoker\warpoker\x64\debug\vc142.pdb
e:\qtproject\warpoker\warpoker\x64\debug\warpoker.obj
e:\qtproject\warpoker\warpoker\x64\debug\chattool.obj
e:\qtproject\warpoker\warpoker\x64\debug\main.obj
e:\qtproject\warpoker\warpoker\x64\debug\config.obj
e:\qtproject\warpoker\warpoker\x64\debug\fingerguessing.obj
e:\qtproject\warpoker\warpoker\x64\debug\moc_cardoperate.obj
e:\qtproject\warpoker\warpoker\x64\debug\moc_card.obj
e:\qtproject\warpoker\warpoker\x64\debug\card.obj
e:\qtproject\warpoker\warpoker\debug\moc_predefs.h
e:\qtproject\warpoker\warpoker\debug\warpoker.exe
e:\qtproject\warpoker\warpoker\debug\warpoker.ilk
e:\qtproject\warpoker\warpoker\debug\warpoker.pdb
e:\qtproject\warpoker\warpoker\debug\moc_udpnetwork.cpp
e:\qtproject\warpoker\warpoker\debug\moc_chattool.cpp
e:\qtproject\warpoker\warpoker\debug\moc_config.cpp
e:\qtproject\warpoker\warpoker\debug\moc_warpoker.cpp
e:\qtproject\warpoker\warpoker\debug\moc_fingerguessing.cpp
e:\qtproject\warpoker\warpoker\debug\moc_cardoperate.cpp
e:\qtproject\warpoker\warpoker\debug\moc_card.cpp
e:\qtproject\warpoker\warpoker\ui_chattool.h
e:\qtproject\warpoker\warpoker\ui_config.h
e:\qtproject\warpoker\warpoker\ui_fingerguessing.h
e:\qtproject\warpoker\warpoker\ui_warpoker.h
e:\qtproject\warpoker\warpoker\x64\debug\warpoker.tlog\cl.command.1.tlog
e:\qtproject\warpoker\warpoker\x64\debug\warpoker.tlog\cl.read.1.tlog
e:\qtproject\warpoker\warpoker\x64\debug\warpoker.tlog\cl.write.1.tlog
e:\qtproject\warpoker\warpoker\x64\debug\warpoker.tlog\custombuild.command.1.tlog
e:\qtproject\warpoker\warpoker\x64\debug\warpoker.tlog\custombuild.read.1.tlog
e:\qtproject\warpoker\warpoker\x64\debug\warpoker.tlog\custombuild.write.1.tlog
e:\qtproject\warpoker\warpoker\x64\debug\warpoker.tlog\link.command.1.tlog
e:\qtproject\warpoker\warpoker\x64\debug\warpoker.tlog\link.read.1.tlog
e:\qtproject\warpoker\warpoker\x64\debug\warpoker.tlog\link.write.1.tlog
e:\qtproject\warpoker\warpoker\x64\debug\warpoker.tlog\moc.read.1u.tlog
e:\qtproject\warpoker\warpoker\x64\debug\warpoker.tlog\moc.write.1u.tlog
e:\qtproject\warpoker\warpoker\x64\debug\warpoker.tlog\uic.read.1u.tlog
e:\qtproject\warpoker\warpoker\x64\debug\warpoker.tlog\uic.write.1u.tlog
e:\qtproject\warpoker\warpoker\x64\debug\warpoker.tlog\warpoker.write.1u.tlog
